<?xml version='1.0' encoding='UTF-8'?>
<testsuite hostname="jayeshlappy" name="com.cloudxlab.logparsing.SampleTest" tests="2" errors="0" failures="0" skipped="0" time="1.76" timestamp="2018-12-17T22:16:53">
                     <properties>
[...]
</properties>
                     <testcase classname="com.cloudxlab.logparsing.SampleTest" name="Computing top10" time="1.432">
                                                 
                                               </testcase><testcase classname="com.cloudxlab.logparsing.SampleTest" name="Should remove IP addresses having 1st Octet Decimal more than 126" time="0.328">
                                                 
                                               </testcase>
                     <system-out><![CDATA[]]></system-out>
                     <system-err><![CDATA[]]></system-err>
                   </testsuite>