<?xml version='1.0' encoding='UTF-8'?>
<testsuite hostname="ESS17001DXB0377" name="com.cloudxlab.logparsing.LogParserSpec" tests="2" errors="0" failures="0" skipped="0" time="0.124" timestamp="2018-12-17T17:43:22">
                     <properties>
[...]
</properties>
                     <testcase classname="com.cloudxlab.logparsing.LogParserSpec" name="extractIP should Extract IP Address" time="0.121">
                                                 
                                               </testcase><testcase classname="com.cloudxlab.logparsing.LogParserSpec" name="containsIP should Check if IP exists in the log line" time="0.003">
                                                 
                                               </testcase>
                     <system-out><![CDATA[]]></system-out>
                     <system-err><![CDATA[]]></system-err>
                   </testsuite>